#
# A fatal error has been detected by the Java Runtime Environment:
#
#  Internal Error (javaCalls.cpp:51), pid=98564, tid=0x0000000000013340
#  guarantee(thread->is_Java_thread()) failed: crucial check - the VM thread cannot and must not escape to Java code
#
# JRE version: Java(TM) SE Runtime Environment (8.0_191-b12) (build 1.8.0_191-b12)
# Java VM: Java HotSpot(TM) 64-Bit Server VM (25.191-b12 mixed mode windows-amd64 compressed oops)
# Failed to write core dump. Minidumps are not enabled by default on client versions of Windows
#
# If you would like to submit a bug report, please visit:
#   http://bugreport.java.com/bugreport/crash.jsp
#

---------------  T H R E A D  ---------------

Current thread (0x0000000017217800):  VMThread [stack: 0x00000000182a0000,0x00000000183a0000] [id=78656]

Stack: [0x00000000182a0000,0x00000000183a0000]
[error occurred during error reporting (printing stack bounds), id 0xc0000005]

Native frames: (J=compiled Java code, j=interpreted, Vv=VM code, C=native code)

VM_Operation (0x0000000018daf410): GetOrSetLocal, mode: safepoint, requested by thread 0x000000001725a800


---------------  P R O C E S S  ---------------

Java Threads: ( => current thread )
  0x00000000190b9800 JavaThread "Service Thread" daemon [_thread_blocked, id=326400, stack(0x00000000196b0000,0x00000000197b0000)]
  0x00000000190a4800 JavaThread "C1 CompilerThread2" daemon [_thread_blocked, id=310288, stack(0x00000000195b0000,0x00000000196b0000)]
  0x00000000190a3800 JavaThread "C2 CompilerThread1" daemon [_thread_blocked, id=345936, stack(0x00000000194b0000,0x00000000195b0000)]
  0x0000000019044800 JavaThread "C2 CompilerThread0" daemon [_thread_blocked, id=474596, stack(0x00000000193b0000,0x00000000194b0000)]
  0x000000001726a800 JavaThread "JDWP Command Reader" daemon [_thread_in_native, id=484692, stack(0x0000000018eb0000,0x0000000018fb0000)]
  0x0000000017269000 JavaThread "JDWP Event Helper Thread" daemon [_thread_blocked, id=131200, stack(0x0000000018db0000,0x0000000018eb0000)]
  0x000000001725a800 JavaThread "JDWP Transport Listener: dt_socket" daemon [_thread_blocked, id=509900, stack(0x0000000018cb0000,0x0000000018db0000)]
  0x0000000017251000 JavaThread "Attach Listener" daemon [_thread_blocked, id=69760, stack(0x00000000187a0000,0x00000000188a0000)]
  0x000000001724e000 JavaThread "Signal Dispatcher" daemon [_thread_blocked, id=385356, stack(0x00000000186a0000,0x00000000187a0000)]
  0x000000000272c800 JavaThread "Finalizer" daemon [_thread_blocked, id=513432, stack(0x00000000184a0000,0x00000000185a0000)]
  0x0000000002724000 JavaThread "Reference Handler" daemon [_thread_blocked, id=239544, stack(0x00000000183a0000,0x00000000184a0000)]
  0x0000000002632800 JavaThread "main" [_thread_blocked, id=364156, stack(0x00000000023c0000,0x00000000024c0000)]

Other Threads:
=>0x0000000017217800 VMThread [stack: 0x00000000182a0000,0x00000000183a0000] [id=78656]
  0x000000001911e800 WatcherThread [stack: 0x00000000197b0000,0x00000000198b0000] [id=394392]

VM state:at safepoint (normal execution)

VM Mutex/Monitor currently owned by a thread:  ([mutex/lock_event])
[0x000000000252d7f0] Threads_lock - owner thread: 0x0000000017217800

Heap:
 PSYoungGen      total 38400K, used 6683K [0x00000000d5f80000, 0x00000000d8a00000, 0x0000000100000000)
  eden space 33280K, 20% used [0x00000000d5f80000,0x00000000d6606c08,0x00000000d8000000)
  from space 5120K, 0% used [0x00000000d8500000,0x00000000d8500000,0x00000000d8a00000)
  to   space 5120K, 0% used [0x00000000d8000000,0x00000000d8000000,0x00000000d8500000)
 ParOldGen       total 87552K, used 0K [0x0000000081e00000, 0x0000000087380000, 0x00000000d5f80000)
  object space 87552K, 0% used [0x0000000081e00000,0x0000000081e00000,0x0000000087380000)
 Metaspace       used 5547K, capacity 5618K, committed 5888K, reserved 1056768K
  class space    used 615K, capacity 657K, committed 768K, reserved 1048576K

Card table byte_map: [0x0000000011af0000,0x0000000011ef0000] byte_map_base: 0x00000000116e1000

Marking Bits: (ParMarkBitMap*) 0x0000000071463e30
 Begin Bits: [0x00000000125a0000, 0x0000000014528000)
 End Bits:   [0x0000000014528000, 0x00000000164b0000)

Polling page: 0x0000000000b10000

CodeCache: size=245760Kb used=1522Kb max_used=1522Kb free=244237Kb
 bounds [0x0000000002730000, 0x00000000029a0000, 0x0000000011730000]
 total_blobs=495 nmethods=192 adapters=224
 compilation: enabled

Compilation events (10 events):
Event: 1161.033 Thread 0x00000000190a4800  188       3       org.eclipse.jdt.launching.internal.org.objectweb.asm.MethodWriter::visitInsn (115 bytes)
Event: 1161.034 Thread 0x00000000190a4800 nmethod 188 0x00000000028aa250 code [0x00000000028aa400, 0x00000000028aa8e8]
Event: 1161.034 Thread 0x00000000190a4800  189       3       org.eclipse.jdt.launching.internal.org.objectweb.asm.ByteVector::put122 (93 bytes)
Event: 1161.034 Thread 0x00000000190a4800 nmethod 189 0x00000000028aaad0 code [0x00000000028aac40, 0x00000000028aaf08]
Event: 1201.930 Thread 0x00000000190a4800  190       3       org.eclipse.jdt.launching.internal.org.objectweb.asm.ClassReader::readInt (52 bytes)
Event: 1201.930 Thread 0x00000000190a4800 nmethod 190 0x00000000028ab110 code [0x00000000028ab280, 0x00000000028ab490]
Event: 1201.930 Thread 0x00000000190a4800  191       3       org.eclipse.jdt.launching.internal.org.objectweb.asm.MethodWriter::visitMethodInsn (191 bytes)
Event: 1201.932 Thread 0x00000000190a4800 nmethod 191 0x00000000028ab5d0 code [0x00000000028ab7e0, 0x00000000028ac308]
Event: 1201.932 Thread 0x00000000190a4800  192       3       org.eclipse.jdt.launching.internal.org.objectweb.asm.SymbolTable::addConstantMethodref (24 bytes)
Event: 1201.933 Thread 0x00000000190a4800 nmethod 192 0x00000000028ac850 code [0x00000000028ac9c0, 0x00000000028acbe8]

GC Heap History (0 events):
No events

Deoptimization events (0 events):
No events

Classes redefined (5 events):
Event: 128.032 Thread 0x0000000017217800 redefined class name=friends.Friends, count=1
Event: 189.034 Thread 0x0000000017217800 redefined class name=friends.Friends, count=2
Event: 207.572 Thread 0x0000000017217800 redefined class name=friends.Friends, count=3
Event: 1161.036 Thread 0x0000000017217800 redefined class name=friends.Friends, count=4
Event: 1201.932 Thread 0x0000000017217800 redefined class name=friends.FriendsApp, count=1

Internal exceptions (6 events):
Event: 0.044 Thread 0x0000000002632800 Exception <a 'java/lang/NoSuchMethodError': Method sun.misc.Unsafe.defineClass(Ljava/lang/String;[BII)Ljava/lang/Class; name or signature does not match> (0x00000000d5f87cb0) thrown at [C:\re\workspace\8-2-build-windows-amd64-cygwin\jdk8u191\11896\hotspot
Event: 0.044 Thread 0x0000000002632800 Exception <a 'java/lang/NoSuchMethodError': Method sun.misc.Unsafe.prefetchRead(Ljava/lang/Object;J)V name or signature does not match> (0x00000000d5f87f98) thrown at [C:\re\workspace\8-2-build-windows-amd64-cygwin\jdk8u191\11896\hotspot\src\share\vm\prim
Event: 1.096 Thread 0x0000000002632800 Exception <a 'java/security/PrivilegedActionException'> (0x00000000d654d200) thrown at [C:\re\workspace\8-2-build-windows-amd64-cygwin\jdk8u191\11896\hotspot\src\share\vm\prims\jvm.cpp, line 1435]
Event: 1.096 Thread 0x0000000002632800 Exception <a 'java/security/PrivilegedActionException'> (0x00000000d654d5f8) thrown at [C:\re\workspace\8-2-build-windows-amd64-cygwin\jdk8u191\11896\hotspot\src\share\vm\prims\jvm.cpp, line 1435]
Event: 1.097 Thread 0x0000000002632800 Exception <a 'java/security/PrivilegedActionException'> (0x00000000d6551450) thrown at [C:\re\workspace\8-2-build-windows-amd64-cygwin\jdk8u191\11896\hotspot\src\share\vm\prims\jvm.cpp, line 1435]
Event: 1.097 Thread 0x0000000002632800 Exception <a 'java/security/PrivilegedActionException'> (0x00000000d6551848) thrown at [C:\re\workspace\8-2-build-windows-amd64-cygwin\jdk8u191\11896\hotspot\src\share\vm\prims\jvm.cpp, line 1435]

Events (10 events):
Event: 1201.936 Executing VM operation: GetCurrentContendedMonitor done
Event: 1201.936 Executing VM operation: GetOwnedMonitorInfo
Event: 1201.936 Executing VM operation: GetOwnedMonitorInfo done
Event: 1201.936 Executing VM operation: GetCurrentContendedMonitor
Event: 1201.936 Executing VM operation: GetCurrentContendedMonitor done
Event: 1201.937 Executing VM operation: GetCurrentContendedMonitor
Event: 1201.937 Executing VM operation: GetCurrentContendedMonitor done
Event: 1201.937 Executing VM operation: GetOwnedMonitorInfo
Event: 1201.937 Executing VM operation: GetOwnedMonitorInfo done
Event: 1202.673 Executing VM operation: GetOrSetLocal


Dynamic libraries:
0x00007ff751ad0000 - 0x00007ff751b07000 	C:\Program Files\Java\jre1.8.0_191\bin\javaw.exe
0x00007fff81480000 - 0x00007fff81670000 	C:\WINDOWS\SYSTEM32\ntdll.dll
0x00007fff7fc00000 - 0x00007fff7fcb2000 	C:\WINDOWS\System32\KERNEL32.DLL
0x00007fff7e810000 - 0x00007fff7eab3000 	C:\WINDOWS\System32\KERNELBASE.dll
0x00007fff7f5b0000 - 0x00007fff7f653000 	C:\WINDOWS\System32\ADVAPI32.dll
0x00007fff81370000 - 0x00007fff8140e000 	C:\WINDOWS\System32\msvcrt.dll
0x00007fff806e0000 - 0x00007fff80777000 	C:\WINDOWS\System32\sechost.dll
0x00007fff804f0000 - 0x00007fff80610000 	C:\WINDOWS\System32\RPCRT4.dll
0x00007fff80dd0000 - 0x00007fff80f64000 	C:\WINDOWS\System32\USER32.dll
0x00007fff7e410000 - 0x00007fff7e431000 	C:\WINDOWS\System32\win32u.dll
0x00007fff81410000 - 0x00007fff81436000 	C:\WINDOWS\System32\GDI32.dll
0x00007fff7e440000 - 0x00007fff7e5d4000 	C:\WINDOWS\System32\gdi32full.dll
0x00007fff7eac0000 - 0x00007fff7eb5e000 	C:\WINDOWS\System32\msvcp_win.dll
0x00007fff7eb60000 - 0x00007fff7ec5a000 	C:\WINDOWS\System32\ucrtbase.dll
0x00007fff68160000 - 0x00007fff683e5000 	C:\WINDOWS\WinSxS\amd64_microsoft.windows.common-controls_6595b64144ccf1df_6.0.18362.778_none_e6c6b761130d4fb8\COMCTL32.dll
0x00007fff81030000 - 0x00007fff81366000 	C:\WINDOWS\System32\combase.dll
0x00007fff7e640000 - 0x00007fff7e6c0000 	C:\WINDOWS\System32\bcryptPrimitives.dll
0x00007fff7f660000 - 0x00007fff7f68e000 	C:\WINDOWS\System32\IMM32.DLL
0x00000000708d0000 - 0x00000000709a2000 	C:\Program Files\Java\jre1.8.0_191\bin\msvcr100.dll
0x0000000070c40000 - 0x00000000714e4000 	C:\Program Files\Java\jre1.8.0_191\bin\server\jvm.dll
0x00007fff81020000 - 0x00007fff81028000 	C:\WINDOWS\System32\PSAPI.DLL
0x00007fff74f50000 - 0x00007fff74f74000 	C:\WINDOWS\SYSTEM32\WINMM.dll
0x00007fff6b220000 - 0x00007fff6b22a000 	C:\WINDOWS\SYSTEM32\VERSION.dll
0x00007fff74f00000 - 0x00007fff74f2d000 	C:\WINDOWS\SYSTEM32\WINMMBASE.dll
0x00007fff7f4b0000 - 0x00007fff7f4fa000 	C:\WINDOWS\System32\cfgmgr32.dll
0x00007fff67310000 - 0x00007fff67319000 	C:\WINDOWS\SYSTEM32\WSOCK32.dll
0x00007fff80460000 - 0x00007fff804cf000 	C:\WINDOWS\System32\WS2_32.dll
0x00000000742e0000 - 0x00000000742ef000 	C:\Program Files\Java\jre1.8.0_191\bin\verify.dll
0x0000000073ab0000 - 0x0000000073ad9000 	C:\Program Files\Java\jre1.8.0_191\bin\java.dll
0x0000000070b80000 - 0x0000000070bb5000 	C:\Program Files\Java\jre1.8.0_191\bin\jdwp.dll
0x0000000070b70000 - 0x0000000070b78000 	C:\Program Files\Java\jre1.8.0_191\bin\npt.dll
0x0000000070630000 - 0x0000000070653000 	C:\Program Files\Java\jre1.8.0_191\bin\instrument.dll
0x0000000073280000 - 0x0000000073296000 	C:\Program Files\Java\jre1.8.0_191\bin\zip.dll
0x00007fff7fcc0000 - 0x00007fff803a5000 	C:\WINDOWS\System32\SHELL32.dll
0x00007fff803b0000 - 0x00007fff80459000 	C:\WINDOWS\System32\shcore.dll
0x00007fff7ec60000 - 0x00007fff7f3e0000 	C:\WINDOWS\System32\windows.storage.dll
0x00007fff7e370000 - 0x00007fff7e393000 	C:\WINDOWS\System32\profapi.dll
0x00007fff7e3c0000 - 0x00007fff7e40a000 	C:\WINDOWS\System32\powrprof.dll
0x00007fff7e340000 - 0x00007fff7e350000 	C:\WINDOWS\System32\UMPDC.dll
0x00007fff80d70000 - 0x00007fff80dc2000 	C:\WINDOWS\System32\shlwapi.dll
0x00007fff7e350000 - 0x00007fff7e361000 	C:\WINDOWS\System32\kernel.appcore.dll
0x00007fff7f3e0000 - 0x00007fff7f3f7000 	C:\WINDOWS\System32\cryptsp.dll
0x00000000708c0000 - 0x00000000708c9000 	C:\Program Files\Java\jre1.8.0_191\bin\dt_socket.dll
0x00007fff47a00000 - 0x00007fff47a16000 	C:\WINDOWS\system32\napinsp.dll
0x00007fff34a30000 - 0x00007fff34a4a000 	C:\WINDOWS\system32\pnrpnsp.dll
0x00007fff7dbb0000 - 0x00007fff7dc17000 	C:\WINDOWS\System32\mswsock.dll
0x00007fff7d900000 - 0x00007fff7d9ca000 	C:\WINDOWS\SYSTEM32\DNSAPI.dll
0x00007fff7f690000 - 0x00007fff7f698000 	C:\WINDOWS\System32\NSI.dll
0x00007fff7d8c0000 - 0x00007fff7d8fa000 	C:\WINDOWS\SYSTEM32\IPHLPAPI.DLL
0x00007fff779d0000 - 0x00007fff779de000 	C:\WINDOWS\System32\winrnr.dll
0x00007fff78850000 - 0x00007fff7886c000 	C:\WINDOWS\system32\NLAapi.dll
0x00007fff7a0b0000 - 0x00007fff7a0c5000 	C:\WINDOWS\system32\wshbth.dll
0x0000000071600000 - 0x0000000071626000 	C:\Program Files\Bonjour\mdnsNSP.dll
0x00007fff75d00000 - 0x00007fff75d77000 	C:\WINDOWS\System32\fwpuclnt.dll
0x00007fff7f500000 - 0x00007fff7f526000 	C:\WINDOWS\System32\bcrypt.dll
0x00007fff78d30000 - 0x00007fff78d3a000 	C:\Windows\System32\rasadhlp.dll
0x0000000073260000 - 0x000000007327a000 	C:\Program Files\Java\jre1.8.0_191\bin\net.dll
0x0000000073240000 - 0x0000000073251000 	C:\Program Files\Java\jre1.8.0_191\bin\nio.dll

VM Arguments:
jvm_args: -agentlib:jdwp=transport=dt_socket,suspend=y,address=localhost:58280 -javaagent:C:\Users\Shahir\eclipse\java-2019-12\eclipse\configuration\org.eclipse.osgi\226\0\.cp\lib\javaagent-shaded.jar -Dfile.encoding=Cp1252 
java_command: friends.FriendsApp
java_class_path (initial): C:\Users\Shahir\Documents\DataWorkSpace\Friends\bin;C:\Users\Shahir\eclipse\java-2019-12\eclipse\configuration\org.eclipse.osgi\226\0\.cp\lib\javaagent-shaded.jar
Launcher Type: SUN_STANDARD

Environment Variables:
PATH=C:/Program Files/Java/jre1.8.0_191/bin/server;C:/Program Files/Java/jre1.8.0_191/bin;C:/Program Files/Java/jre1.8.0_191/lib/amd64;C:\Program Files (x86)\Common Files\Oracle\Java\javapath;C:\Program Files (x86)\Intel\iCLS Client\;C:\Program Files\Intel\iCLS Client\;C:\WINDOWS\system32;C:\WINDOWS;C:\WINDOWS\System32\Wbem;C:\WINDOWS\System32\WindowsPowerShell\v1.0\;C:\Program Files\Intel\WiFi\bin\;C:\Program Files\Common Files\Intel\WirelessCommon\;C:\Program Files (x86)\Intel\Intel(R) Management Engine Components\DAL;C:\Program Files\Intel\Intel(R) Management Engine Components\DAL;C:\Program Files (x86)\Intel\Intel(R) Management Engine Components\IPT;C:\Program Files\Intel\Intel(R) Management Engine Components\IPT;C:\WINDOWS\System32\OpenSSH\;C:\Program Files\MATLAB\R2017b\bin;C:\Program Files\dotnet\;C:\Program Files\Microsoft SQL Server\130\Tools\Binn\;C:\Users\Shahir\AppData\Local\Microsoft\WindowsApps;C:\Users\Shahir\AppData\Local\Programs\Microsoft VS Code\bin;C:\Users\Shahir\AppData\Local\GitHubDesktop\bin;C:\ProgramData\Shahir\atom\bin;%USERPROFILE%\AppData\Local\Microsoft\WindowsApps;;C:\WINDOWS\System32;
USERNAME=Shahir
OS=Windows_NT
PROCESSOR_IDENTIFIER=Intel64 Family 6 Model 142 Stepping 9, GenuineIntel



---------------  S Y S T E M  ---------------

OS: Windows 10.0 , 64 bit Build 18362 (10.0.18362.778)

CPU:total 4 (initial active 4) (2 cores per cpu, 2 threads per core) family 6 model 142 stepping 9, cmov, cx8, fxsr, mmx, sse, sse2, sse3, ssse3, sse4.1, sse4.2, popcnt, avx, avx2, aes, clmul, erms, 3dnowpref, lzcnt, ht, tsc, tscinvbit, bmi1, bmi2, adx

Memory: 4k page, physical 8262884k(1628680k free), swap 13716256k(3571448k free)

vm_info: Java HotSpot(TM) 64-Bit Server VM (25.191-b12) for windows-amd64 JRE (1.8.0_191-b12), built on Oct  6 2018 09:29:03 by "java_re" with MS VC++ 10.0 (VS2010)

time: Thu Apr 30 16:45:09 2020
elapsed time: 1202 seconds (0d 0h 20m 2s)

